
Loading MNIST Data...

Loading Training Data...

Loading Testing Data...

Preparing Classifier Training and Validation Data...

SVM Classifier with gamma = 0.1; Kernel = polynomial

Pickling the Classifier for Future Use...

Calculating Accuracy of trained Classifier...

SVM Trained Classifier Accuracy: 0.9808333333333333

Making Predictions on Validation Data...

Calculating Accuracy of Predictions...

Accuracy of Classifier on Validation Images: 0.9808333333333333

Predicted Values:  [1 2 9 ... 0 3 5]

Creating Confusion Matrix...

Confusion Matrix:
 [[593   0   0   0   0   1   2   0   1   0]
 [  0 662   0   1   1   0   0   2   0   0]
 [  4   1 562   3   1   0   0   4   0   0]
 [  0   0   1 578   0   1   0   2   3   2]
 [  1   2   1   0 586   0   2   1   0   9]
 [  2   1   0   4   2 541   1   0   4   2]
 [  2   0   2   0   2   1 581   0   0   0]
 [  1   3   1   0   1   0   0 569   1   2]
 [  0   0   1   3   1   9   3   0 605   1]
 [  0   5   0   3   3   2   0   5   1 608]]

Making Predictions on Test Input Images...

Calculating Accuracy of Trained Classifier on Test Data...

Accuracy of Classifier on Test Images: 0.978

Creating Confusion Matrix for Test Data...

Predicted Labels for Test Images:  [7 2 1 ... 4 5 6]

Confusion Matrix for Test Data:
 [[ 972    0    1    2    0    2    1    0    2    0]
 [   0 1128    2    1    0    0    3    0    1    0]
 [   8    0 1008    0    2    0    3    8    3    0]
 [   0    2    1  989    0    5    0    4    5    4]
 [   1    0    2    0  967    0    3    0    0    9]
 [   3    1    1   13    1  860    4    1    5    3]
 [   4    5    2    0    1    6  938    0    2    0]
 [   0   10    8    1    3    0    0 1001    0    5]
 [   5    0    1    7    3    7    1    5  943    2]
 [   2    6    2    4    9    3    1    4    4  974]]
