
Loading MNIST Data...

Loading Training Data...

Loading Testing Data...

Preparing Classifier Training and Validation Data...

KNN Classifier with n_neighbors = 5, algorithm = auto, n_jobs = 10

Pickling the Classifier for Future Use...

Calculating Accuracy of trained Classifier...

Making Predictions on Validation Data...

Calculating Accuracy of Predictions...

Creating Confusion Matrix...

KNN Trained Classifier Confidence:  0.9733333333333334

Predicted Values:  [2 0 5 ... 8 5 4]

Accuracy of Classifier on Validation Image Data:  0.9733333333333334

Confusion Matrix: 
 [[580   1   0   0   0   0   0   0   0   0]
 [  0 676   1   1   1   0   0   1   0   1]
 [  2   5 552   0   1   0   0   6   2   1]
 [  0   2   3 580   0   3   0   6   1   1]
 [  0   6   0   0 556   0   2   2   0  14]
 [  2   0   2   5   0 546   5   1   2   1]
 [  1   0   0   0   0   1 569   0   0   0]
 [  0   6   2   0   2   0   0 621   1   8]
 [  0   5   2  10   3   5   4   1 559   5]
 [  0   1   1   3   6   0   0  10   2 601]]

Making Predictions on Test Input Images...

Calculating Accuracy of Trained Classifier on Test Data...

Creating Confusion Matrix for Test Data...

Predicted Labels for Test Images:  [7 2 1 ... 4 5 6]

Accuracy of Classifier on Test Images:  0.9669

Confusion Matrix for Test Data: 
 [[ 973    1    1    0    0    2    2    1    0    0]
 [   0 1130    2    0    0    0    3    0    0    0]
 [  11   11  987    2    1    0    2   14    4    0]
 [   0    3    2  978    1   12    1    6    3    4]
 [   3    7    0    0  939    0    4    2    1   26]
 [   6    0    0   15    2  858    4    2    2    3]
 [   5    3    0    0    3    2  945    0    0    0]
 [   0   23    3    0    3    0    0  989    0   10]
 [   8    3    5   14    7   11    5    5  910    6]
 [   5    7    3    8    8    5    1   11    1  960]]
